<?xml version="1.0" encoding="UTF-8"?>
<testsuite xmlns:xsi="http://www.w3.org/2001/XMLSchema-instance" xsi:noNamespaceSchemaLocation="https://maven.apache.org/surefire/maven-surefire-plugin/xsd/surefire-test-report.xsd" name="org.example.CalcTest" time="0.023" tests="2" errors="0" skipped="0" failures="1">
  <properties>
    <property name="java.specification.version" value="22"/>
    <property name="sun.cpu.isalist" value="amd64"/>
    <property name="sun.jnu.encoding" value="GBK"/>
    <property name="java.class.path" value="D:\week3\tutorial4\target\test-classes;D:\week3\tutorial4\target\classes;D:\maven\apache-maven-3.9.9\mvn_resp\org\junit\jupiter\junit-jupiter-engine\5.4.0\junit-jupiter-engine-5.4.0.jar;D:\maven\apache-maven-3.9.9\mvn_resp\org\apiguardian\apiguardian-api\1.0.0\apiguardian-api-1.0.0.jar;D:\maven\apache-maven-3.9.9\mvn_resp\org\junit\platform\junit-platform-engine\1.4.0\junit-platform-engine-1.4.0.jar;D:\maven\apache-maven-3.9.9\mvn_resp\org\opentest4j\opentest4j\1.1.1\opentest4j-1.1.1.jar;D:\maven\apache-maven-3.9.9\mvn_resp\org\junit\platform\junit-platform-commons\1.4.0\junit-platform-commons-1.4.0.jar;D:\maven\apache-maven-3.9.9\mvn_resp\org\junit\jupiter\junit-jupiter-api\5.4.0\junit-jupiter-api-5.4.0.jar;D:\maven\apache-maven-3.9.9\mvn_resp\org\junit\jupiter\junit-jupiter\5.11.0\junit-jupiter-5.11.0.jar;D:\maven\apache-maven-3.9.9\mvn_resp\org\junit\jupiter\junit-jupiter-params\5.11.0\junit-jupiter-params-5.11.0.jar;"/>
    <property name="java.vm.vendor" value="Oracle Corporation"/>
    <property name="sun.arch.data.model" value="64"/>
    <property name="user.variant" value=""/>
    <property name="java.vendor.url" value="https://java.oracle.com/"/>
    <property name="user.timezone" value="Asia/Shanghai"/>
    <property name="os.name" value="Windows 11"/>
    <property name="java.vm.specification.version" value="22"/>
    <property name="sun.java.launcher" value="SUN_STANDARD"/>
    <property name="user.country" value="CN"/>
    <property name="sun.boot.library.path" value="D:\WeGame\bin"/>
    <property name="sun.java.command" value="C:\Users\11307\AppData\Local\Temp\surefire9058031994124050654\surefirebooter816999658501673459.jar C:\Users\11307\AppData\Local\Temp\surefire9058031994124050654 2024-09-23T20-51-28_695-jvmRun1 surefire17959080204240330589tmp surefire_017289794349212727122tmp"/>
    <property name="jdk.debug" value="release"/>
    <property name="surefire.test.class.path" value="D:\week3\tutorial4\target\test-classes;D:\week3\tutorial4\target\classes;D:\maven\apache-maven-3.9.9\mvn_resp\org\junit\jupiter\junit-jupiter-engine\5.4.0\junit-jupiter-engine-5.4.0.jar;D:\maven\apache-maven-3.9.9\mvn_resp\org\apiguardian\apiguardian-api\1.0.0\apiguardian-api-1.0.0.jar;D:\maven\apache-maven-3.9.9\mvn_resp\org\junit\platform\junit-platform-engine\1.4.0\junit-platform-engine-1.4.0.jar;D:\maven\apache-maven-3.9.9\mvn_resp\org\opentest4j\opentest4j\1.1.1\opentest4j-1.1.1.jar;D:\maven\apache-maven-3.9.9\mvn_resp\org\junit\platform\junit-platform-commons\1.4.0\junit-platform-commons-1.4.0.jar;D:\maven\apache-maven-3.9.9\mvn_resp\org\junit\jupiter\junit-jupiter-api\5.4.0\junit-jupiter-api-5.4.0.jar;D:\maven\apache-maven-3.9.9\mvn_resp\org\junit\jupiter\junit-jupiter\5.11.0\junit-jupiter-5.11.0.jar;D:\maven\apache-maven-3.9.9\mvn_resp\org\junit\jupiter\junit-jupiter-params\5.11.0\junit-jupiter-params-5.11.0.jar;"/>
    <property name="sun.cpu.endian" value="little"/>
    <property name="user.home" value="C:\Users\11307"/>
    <property name="user.language" value="zh"/>
    <property name="java.specification.vendor" value="Oracle Corporation"/>
    <property name="java.version.date" value="2024-07-16"/>
    <property name="java.home" value="D:\WeGame"/>
    <property name="file.separator" value="\"/>
    <property name="basedir" value="D:\week3\tutorial4"/>
    <property name="java.vm.compressedOopsMode" value="Zero based"/>
    <property name="line.separator" value="&#10;"/>
    <property name="java.vm.specification.vendor" value="Oracle Corporation"/>
    <property name="java.specification.name" value="Java Platform API Specification"/>
    <property name="surefire.real.class.path" value="C:\Users\11307\AppData\Local\Temp\surefire9058031994124050654\surefirebooter816999658501673459.jar"/>
    <property name="user.script" value=""/>
    <property name="sun.management.compiler" value="HotSpot 64-Bit Tiered Compilers"/>
    <property name="java.runtime.version" value="22.0.2+9-70"/>
    <property name="user.name" value="11307"/>
    <property name="stdout.encoding" value="GBK"/>
    <property name="path.separator" value=";"/>
    <property name="os.version" value="10.0"/>
    <property name="java.runtime.name" value="Java(TM) SE Runtime Environment"/>
    <property name="file.encoding" value="UTF-8"/>
    <property name="java.vm.name" value="Java HotSpot(TM) 64-Bit Server VM"/>
    <property name="localRepository" value="D:\maven\apache-maven-3.9.9\mvn_resp"/>
    <property name="java.vendor.url.bug" value="https://bugreport.java.com/bugreport/"/>
    <property name="java.io.tmpdir" value="C:\Users\11307\AppData\Local\Temp\"/>
    <property name="java.version" value="22.0.2"/>
    <property name="user.dir" value="D:\week3\tutorial4"/>
    <property name="os.arch" value="amd64"/>
    <property name="java.vm.specification.name" value="Java Virtual Machine Specification"/>
    <property name="sun.os.patch.level" value=""/>
    <property name="native.encoding" value="GBK"/>
    <property name="java.library.path" value="D:\WeGame\bin;C:\WINDOWS\Sun\Java\bin;C:\WINDOWS\system32;C:\WINDOWS;C:\Program Files\Common Files\Oracle\Java\javapath;C:\WINDOWS\system32;C:\WINDOWS;C:\WINDOWS\System32\Wbem;C:\WINDOWS\System32\WindowsPowerShell\v1.0\;C:\WINDOWS\System32\OpenSSH\;C:\Program Files\mingw64\bin;C:\Program Files\Git\cmd;D:\BaiduNetdiskDownload\;D:\WeGame\bin;D:\maven\apache-maven-3.9.9\bin;C:\Users\11307\AppData\Local\Microsoft\WindowsApps;C:\Users\11307\AppData\Local\Programs\Microsoft VS Code\bin;C:\Users\11307\AppData\Roaming\npm;."/>
    <property name="java.vm.info" value="mixed mode, sharing"/>
    <property name="stderr.encoding" value="GBK"/>
    <property name="java.vendor" value="Oracle Corporation"/>
    <property name="java.vm.version" value="22.0.2+9-70"/>
    <property name="sun.io.unicode.encoding" value="UnicodeLittle"/>
    <property name="java.class.version" value="66.0"/>
  </properties>
  <testcase name="testAddition" classname="org.example.CalcTest" time="0.011"/>
  <testcase name="testSubtraction" classname="org.example.CalcTest" time="0.007">
    <failure message="expected: &lt;2&gt; but was: &lt;8&gt;" type="org.opentest4j.AssertionFailedError"><![CDATA[org.opentest4j.AssertionFailedError: expected: <2> but was: <8>
	at org.example.CalcTest.testSubtraction(CalcTest.java:16)
]]></failure>
  </testcase>
</testsuite>